<?xml version="1.0" encoding="UTF-8"?>
<con:testCase xmlns:con="http://eviware.com/soapui/config" xmlns:xsi="http://www.w3.org/2001/XMLSchema-instance" id="17c5cd6a-91ec-4ac3-b023-0fca3a6eec2a" discardOkResults="false" failOnError="false" failTestCaseOnErrors="true" keepSession="false" name="Test Case 1" searchProperties="true" timeout="0">
  <con:settings id="673e20f4-7e40-4413-bab8-3ffae72e9213">
    <con:setting id="17c5cd6a-91ec-4ac3-b023-0fca3a6eec2afileName">Test-Case-1</con:setting>
  </con:settings>
  <con:testStep type="transfer" name="Property Transfer" id="9db64723-a965-4923-81bc-0f6e84143697">
    <con:settings/>
    <con:config xsi:type="con:PropertyTransfersStep">
      <con:transfers setNullOnMissingSource="true" transferTextContent="true" failOnError="true" ignoreEmpty="false" transferToAll="false" entitize="false" transferChildNodes="false">
        <con:name>asda</con:name>
        <con:sourceType>clientID</con:sourceType>
        <con:sourceStep>#Project#</con:sourceStep>
        <con:sourcePath/>
        <con:targetPath/>
        <con:upgraded>true</con:upgraded>
      </con:transfers>
    </con:config>
  </con:testStep>
  <con:properties/>
  <con:reportParameters/>
</con:testCase>
