<?xml version="1.0" encoding="UTF-8"?>
<con:testCase xmlns:xsi="http://www.w3.org/2001/XMLSchema-instance" xmlns:con="http://eviware.com/soapui/config" id="b5b4aa6d-977d-4b0d-9fee-b71d5bed21aa" discardOkResults="false" failOnError="false" failTestCaseOnErrors="true" keepSession="false" name="Test Case 1" searchProperties="true" timeout="0">
  <con:settings id="7b7699e0-127c-4c0d-b092-e5c5e2d1e177">
    <con:setting id="b5b4aa6d-977d-4b0d-9fee-b71d5bed21aafileName">Test-Case-1</con:setting>
  </con:settings>
  <con:testStep type="datagen" name="DataGen" id="3dc1cf79-4a95-4efc-b562-f4bfd63ef124">
    <con:settings/>
    <con:config xsi:type="con:DataGeneratorStep">
      <con:property type="Script">
        <con:configuration>
          <script>def characters = ('ABCDEFGHIJKLMNOPQRSTUVWXYZabcdefghijklmnopqrstuvwxyz0123456789' as char[])
    def randomString = (1..22).collect {
        characters[Random.nextInt(characters.size())]
    }.join()
    return randomString</script>
        </con:configuration>
        <con:name>GeneratedID</con:name>
        <con:mode>READ</con:mode>
        <con:shared>false</con:shared>
      </con:property>
    </con:config>
  </con:testStep>
  <con:properties/>
  <con:reportParameters/>
</con:testCase>
